app/build/intermediates/manifest_merge_blame_file/release/manifest-merger-blame-release-report.txt
1<?xml version="1.0" encoding="utf-8"?>
2<manifest xmlns:android="http://schemas.android.com/apk/res/android"
3    package="com.example.tp2_appmobile"
4    android:versionCode="1"
5    android:versionName="1.0" >
6
7    <uses-sdk
8        android:minSdkVersion="16"
8-->src\main\AndroidManifest.xml
9        android:targetSdkVersion="29" />
9-->src\main\AndroidManifest.xml
10
11    <uses-permission android:name="android.permission.INTERNET" />
11-->src\main\AndroidManifest.xml:4:5-67
11-->src\main\AndroidManifest.xml:4:22-64
12
13    <application
13-->src\main\AndroidManifest.xml:5:5-31:19
14        android:allowBackup="true"
14-->src\main\AndroidManifest.xml:7:9-35
15        android:appComponentFactory="androidx.core.app.CoreComponentFactory"
15-->[androidx.core:core:1.1.0] AndroidManifest.xml:24:18-86
16        android:icon="@mipmap/ic_launcher"
16-->src\main\AndroidManifest.xml:8:9-43
17        android:label="@string/app_name"
17-->src\main\AndroidManifest.xml:9:9-41
18        android:roundIcon="@mipmap/ic_launcher_round"
18-->src\main\AndroidManifest.xml:10:9-54
19        android:supportsRtl="true"
19-->src\main\AndroidManifest.xml:11:9-35
20        android:theme="@style/AppTheme"
20-->src\main\AndroidManifest.xml:12:9-40
21        android:usesCleartextTraffic="true" >
21-->src\main\AndroidManifest.xml:13:9-44
22        <activity android:name="com.example.tp2_appmobile.CuartoActivity" />
22-->src\main\AndroidManifest.xml:15:9-61
22-->src\main\AndroidManifest.xml:15:19-49
23        <activity android:name="com.example.tp2_appmobile.TercerActivity" />
23-->src\main\AndroidManifest.xml:16:9-52
23-->src\main\AndroidManifest.xml:16:19-49
24        <activity android:name="com.example.tp2_appmobile.SegundoActivity" />
24-->src\main\AndroidManifest.xml:17:9-53
24-->src\main\AndroidManifest.xml:17:19-50
25        <activity android:name="com.example.tp2_appmobile.MainActivity" >
25-->src\main\AndroidManifest.xml:18:9-24:20
25-->src\main\AndroidManifest.xml:18:19-47
26            <intent-filter>
26-->src\main\AndroidManifest.xml:19:13-23:29
27                <action android:name="android.intent.action.MAIN" />
27-->src\main\AndroidManifest.xml:20:17-69
27-->src\main\AndroidManifest.xml:20:25-66
28
29                <category android:name="android.intent.category.LAUNCHER" />
29-->src\main\AndroidManifest.xml:22:17-77
29-->src\main\AndroidManifest.xml:22:27-74
30            </intent-filter>
31        </activity>
32
33        <meta-data
33-->src\main\AndroidManifest.xml:26:9-28:57
34            android:name="preloaded_fonts"
34-->src\main\AndroidManifest.xml:27:13-43
35            android:resource="@array/preloaded_fonts" />
35-->src\main\AndroidManifest.xml:28:13-54
36    </application>
37
38</manifest>